<?xml version="1.0" encoding="UTF-8"?>
<testsuite xmlns:xsi="http://www.w3.org/2001/XMLSchema-instance" xsi:noNamespaceSchemaLocation="https://maven.apache.org/surefire/maven-surefire-plugin/xsd/surefire-test-report.xsd" name="com.ikang.test.TestRedis" time="4.259" tests="1" errors="0" skipped="0" failures="0">
  <properties>
    <property name="sun.desktop" value="windows"/>
    <property name="awt.toolkit" value="sun.awt.windows.WToolkit"/>
    <property name="file.encoding.pkg" value="sun.io"/>
    <property name="java.specification.version" value="1.8"/>
    <property name="sun.cpu.isalist" value="amd64"/>
    <property name="sun.jnu.encoding" value="GBK"/>
    <property name="java.class.path" value="E:\gyz_git\personaldemo\target\test-classes;E:\gyz_git\personaldemo\target\classes;E:\.m2\org\springframework\boot\spring-boot-starter\2.0.4.RELEASE\spring-boot-starter-2.0.4.RELEASE.jar;E:\.m2\org\springframework\boot\spring-boot\2.0.4.RELEASE\spring-boot-2.0.4.RELEASE.jar;E:\.m2\org\springframework\spring-context\5.0.8.RELEASE\spring-context-5.0.8.RELEASE.jar;E:\.m2\org\springframework\boot\spring-boot-autoconfigure\2.0.4.RELEASE\spring-boot-autoconfigure-2.0.4.RELEASE.jar;E:\.m2\org\springframework\boot\spring-boot-starter-logging\2.0.4.RELEASE\spring-boot-starter-logging-2.0.4.RELEASE.jar;E:\.m2\ch\qos\logback\logback-classic\1.2.3\logback-classic-1.2.3.jar;E:\.m2\ch\qos\logback\logback-core\1.2.3\logback-core-1.2.3.jar;E:\.m2\org\apache\logging\log4j\log4j-to-slf4j\2.10.0\log4j-to-slf4j-2.10.0.jar;E:\.m2\org\apache\logging\log4j\log4j-api\2.10.0\log4j-api-2.10.0.jar;E:\.m2\org\slf4j\jul-to-slf4j\1.7.25\jul-to-slf4j-1.7.25.jar;E:\.m2\javax\annotation\javax.annotation-api\1.3.2\javax.annotation-api-1.3.2.jar;E:\.m2\org\springframework\spring-core\5.0.8.RELEASE\spring-core-5.0.8.RELEASE.jar;E:\.m2\org\springframework\spring-jcl\5.0.8.RELEASE\spring-jcl-5.0.8.RELEASE.jar;E:\.m2\org\yaml\snakeyaml\1.19\snakeyaml-1.19.jar;E:\.m2\org\springframework\boot\spring-boot-starter-test\2.0.4.RELEASE\spring-boot-starter-test-2.0.4.RELEASE.jar;E:\.m2\org\springframework\boot\spring-boot-test\2.0.4.RELEASE\spring-boot-test-2.0.4.RELEASE.jar;E:\.m2\org\springframework\boot\spring-boot-test-autoconfigure\2.0.4.RELEASE\spring-boot-test-autoconfigure-2.0.4.RELEASE.jar;E:\.m2\com\jayway\jsonpath\json-path\2.4.0\json-path-2.4.0.jar;E:\.m2\net\minidev\json-smart\2.3\json-smart-2.3.jar;E:\.m2\net\minidev\accessors-smart\1.2\accessors-smart-1.2.jar;E:\.m2\org\ow2\asm\asm\5.0.4\asm-5.0.4.jar;E:\.m2\junit\junit\4.12\junit-4.12.jar;E:\.m2\org\assertj\assertj-core\3.9.1\assertj-core-3.9.1.jar;E:\.m2\org\mockito\mockito-core\2.15.0\mockito-core-2.15.0.jar;E:\.m2\net\bytebuddy\byte-buddy\1.7.11\byte-buddy-1.7.11.jar;E:\.m2\net\bytebuddy\byte-buddy-agent\1.7.11\byte-buddy-agent-1.7.11.jar;E:\.m2\org\objenesis\objenesis\2.6\objenesis-2.6.jar;E:\.m2\org\hamcrest\hamcrest-core\1.3\hamcrest-core-1.3.jar;E:\.m2\org\hamcrest\hamcrest-library\1.3\hamcrest-library-1.3.jar;E:\.m2\org\skyscreamer\jsonassert\1.5.0\jsonassert-1.5.0.jar;E:\.m2\com\vaadin\external\google\android-json\0.0.20131108.vaadin1\android-json-0.0.20131108.vaadin1.jar;E:\.m2\org\springframework\spring-test\5.0.8.RELEASE\spring-test-5.0.8.RELEASE.jar;E:\.m2\org\xmlunit\xmlunit-core\2.5.1\xmlunit-core-2.5.1.jar;E:\.m2\org\drools\drools-core\7.0.0.Final\drools-core-7.0.0.Final.jar;E:\.m2\org\mvel\mvel2\2.3.0.Final\mvel2-2.3.0.Final.jar;E:\.m2\org\kie\kie-internal\7.0.0.Final\kie-internal-7.0.0.Final.jar;E:\.m2\org\slf4j\slf4j-api\1.7.25\slf4j-api-1.7.25.jar;E:\.m2\commons-codec\commons-codec\1.11\commons-codec-1.11.jar;E:\.m2\org\drools\drools-compiler\7.0.0.Final\drools-compiler-7.0.0.Final.jar;E:\.m2\org\antlr\antlr-runtime\3.5\antlr-runtime-3.5.jar;E:\.m2\org\eclipse\jdt\core\compiler\ecj\4.4.2\ecj-4.4.2.jar;E:\.m2\com\thoughtworks\xstream\xstream\1.4.9\xstream-1.4.9.jar;E:\.m2\xmlpull\xmlpull\1.1.3.1\xmlpull-1.1.3.1.jar;E:\.m2\xpp3\xpp3_min\1.1.4c\xpp3_min-1.1.4c.jar;E:\.m2\com\google\protobuf\protobuf-java\2.6.0\protobuf-java-2.6.0.jar;E:\.m2\org\drools\drools-decisiontables\7.0.0.Final\drools-decisiontables-7.0.0.Final.jar;E:\.m2\org\apache\poi\poi-ooxml\3.15\poi-ooxml-3.15.jar;E:\.m2\org\apache\poi\poi-ooxml-schemas\3.15\poi-ooxml-schemas-3.15.jar;E:\.m2\org\apache\xmlbeans\xmlbeans\2.6.0\xmlbeans-2.6.0.jar;E:\.m2\com\github\virtuald\curvesapi\1.04\curvesapi-1.04.jar;E:\.m2\javax\xml\stream\stax-api\1.0-2\stax-api-1.0-2.jar;E:\.m2\org\apache\poi\poi\3.15\poi-3.15.jar;E:\.m2\org\apache\commons\commons-collections4\4.1\commons-collections4-4.1.jar;E:\.m2\org\drools\drools-templates\7.0.0.Final\drools-templates-7.0.0.Final.jar;E:\.m2\org\kie\kie-api\7.0.0.Final\kie-api-7.0.0.Final.jar;E:\.m2\org\projectlombok\lombok\1.16.20\lombok-1.16.20.jar;E:\.m2\org\springframework\boot\spring-boot-starter-web\2.0.4.RELEASE\spring-boot-starter-web-2.0.4.RELEASE.jar;E:\.m2\org\springframework\boot\spring-boot-starter-json\2.0.4.RELEASE\spring-boot-starter-json-2.0.4.RELEASE.jar;E:\.m2\com\fasterxml\jackson\core\jackson-databind\2.9.6\jackson-databind-2.9.6.jar;E:\.m2\com\fasterxml\jackson\core\jackson-annotations\2.9.0\jackson-annotations-2.9.0.jar;E:\.m2\com\fasterxml\jackson\core\jackson-core\2.9.6\jackson-core-2.9.6.jar;E:\.m2\com\fasterxml\jackson\datatype\jackson-datatype-jdk8\2.9.6\jackson-datatype-jdk8-2.9.6.jar;E:\.m2\com\fasterxml\jackson\datatype\jackson-datatype-jsr310\2.9.6\jackson-datatype-jsr310-2.9.6.jar;E:\.m2\com\fasterxml\jackson\module\jackson-module-parameter-names\2.9.6\jackson-module-parameter-names-2.9.6.jar;E:\.m2\org\springframework\boot\spring-boot-starter-tomcat\2.0.4.RELEASE\spring-boot-starter-tomcat-2.0.4.RELEASE.jar;E:\.m2\org\apache\tomcat\embed\tomcat-embed-core\8.5.32\tomcat-embed-core-8.5.32.jar;E:\.m2\org\apache\tomcat\embed\tomcat-embed-el\8.5.32\tomcat-embed-el-8.5.32.jar;E:\.m2\org\apache\tomcat\embed\tomcat-embed-websocket\8.5.32\tomcat-embed-websocket-8.5.32.jar;E:\.m2\org\hibernate\validator\hibernate-validator\6.0.11.Final\hibernate-validator-6.0.11.Final.jar;E:\.m2\javax\validation\validation-api\2.0.1.Final\validation-api-2.0.1.Final.jar;E:\.m2\org\jboss\logging\jboss-logging\3.3.2.Final\jboss-logging-3.3.2.Final.jar;E:\.m2\com\fasterxml\classmate\1.3.4\classmate-1.3.4.jar;E:\.m2\org\springframework\spring-web\5.0.8.RELEASE\spring-web-5.0.8.RELEASE.jar;E:\.m2\org\springframework\spring-beans\5.0.8.RELEASE\spring-beans-5.0.8.RELEASE.jar;E:\.m2\org\springframework\spring-webmvc\5.0.8.RELEASE\spring-webmvc-5.0.8.RELEASE.jar;E:\.m2\org\springframework\spring-aop\5.0.8.RELEASE\spring-aop-5.0.8.RELEASE.jar;E:\.m2\org\springframework\spring-expression\5.0.8.RELEASE\spring-expression-5.0.8.RELEASE.jar;E:\.m2\org\springframework\boot\spring-boot-starter-data-redis\2.0.4.RELEASE\spring-boot-starter-data-redis-2.0.4.RELEASE.jar;E:\.m2\org\springframework\data\spring-data-redis\2.0.9.RELEASE\spring-data-redis-2.0.9.RELEASE.jar;E:\.m2\org\springframework\data\spring-data-keyvalue\2.0.9.RELEASE\spring-data-keyvalue-2.0.9.RELEASE.jar;E:\.m2\org\springframework\data\spring-data-commons\2.0.9.RELEASE\spring-data-commons-2.0.9.RELEASE.jar;E:\.m2\org\springframework\spring-tx\5.0.8.RELEASE\spring-tx-5.0.8.RELEASE.jar;E:\.m2\org\springframework\spring-oxm\5.0.8.RELEASE\spring-oxm-5.0.8.RELEASE.jar;E:\.m2\org\springframework\spring-context-support\5.0.8.RELEASE\spring-context-support-5.0.8.RELEASE.jar;E:\.m2\io\lettuce\lettuce-core\5.0.4.RELEASE\lettuce-core-5.0.4.RELEASE.jar;E:\.m2\io\projectreactor\reactor-core\3.1.8.RELEASE\reactor-core-3.1.8.RELEASE.jar;E:\.m2\org\reactivestreams\reactive-streams\1.0.2\reactive-streams-1.0.2.jar;E:\.m2\io\netty\netty-common\4.1.27.Final\netty-common-4.1.27.Final.jar;E:\.m2\io\netty\netty-transport\4.1.27.Final\netty-transport-4.1.27.Final.jar;E:\.m2\io\netty\netty-buffer\4.1.27.Final\netty-buffer-4.1.27.Final.jar;E:\.m2\io\netty\netty-resolver\4.1.27.Final\netty-resolver-4.1.27.Final.jar;E:\.m2\io\netty\netty-handler\4.1.27.Final\netty-handler-4.1.27.Final.jar;E:\.m2\io\netty\netty-codec\4.1.27.Final\netty-codec-4.1.27.Final.jar;E:\.m2\org\apache\commons\commons-pool2\2.6.0\commons-pool2-2.6.0.jar;"/>
    <property name="java.vm.vendor" value="Oracle Corporation"/>
    <property name="sun.arch.data.model" value="64"/>
    <property name="user.variant" value=""/>
    <property name="java.vendor.url" value="http://java.oracle.com/"/>
    <property name="user.timezone" value="Asia/Shanghai"/>
    <property name="java.vm.specification.version" value="1.8"/>
    <property name="os.name" value="Windows 10"/>
    <property name="user.country" value="CN"/>
    <property name="sun.java.launcher" value="SUN_STANDARD"/>
    <property name="sun.boot.library.path" value="C:\Program Files\Java\jdk1.8.0_221\jre\bin"/>
    <property name="sun.java.command" value="C:\Users\ADMINI~1\AppData\Local\Temp\surefire2972093619117198555\surefirebooter518374568008996529.jar C:\Users\Administrator\AppData\Local\Temp\surefire2972093619117198555 2019-09-25T15-24-42_809-jvmRun1 surefire7345222437765819904tmp surefire_01699228966833684896tmp"/>
    <property name="surefire.test.class.path" value="E:\gyz_git\personaldemo\target\test-classes;E:\gyz_git\personaldemo\target\classes;E:\.m2\org\springframework\boot\spring-boot-starter\2.0.4.RELEASE\spring-boot-starter-2.0.4.RELEASE.jar;E:\.m2\org\springframework\boot\spring-boot\2.0.4.RELEASE\spring-boot-2.0.4.RELEASE.jar;E:\.m2\org\springframework\spring-context\5.0.8.RELEASE\spring-context-5.0.8.RELEASE.jar;E:\.m2\org\springframework\boot\spring-boot-autoconfigure\2.0.4.RELEASE\spring-boot-autoconfigure-2.0.4.RELEASE.jar;E:\.m2\org\springframework\boot\spring-boot-starter-logging\2.0.4.RELEASE\spring-boot-starter-logging-2.0.4.RELEASE.jar;E:\.m2\ch\qos\logback\logback-classic\1.2.3\logback-classic-1.2.3.jar;E:\.m2\ch\qos\logback\logback-core\1.2.3\logback-core-1.2.3.jar;E:\.m2\org\apache\logging\log4j\log4j-to-slf4j\2.10.0\log4j-to-slf4j-2.10.0.jar;E:\.m2\org\apache\logging\log4j\log4j-api\2.10.0\log4j-api-2.10.0.jar;E:\.m2\org\slf4j\jul-to-slf4j\1.7.25\jul-to-slf4j-1.7.25.jar;E:\.m2\javax\annotation\javax.annotation-api\1.3.2\javax.annotation-api-1.3.2.jar;E:\.m2\org\springframework\spring-core\5.0.8.RELEASE\spring-core-5.0.8.RELEASE.jar;E:\.m2\org\springframework\spring-jcl\5.0.8.RELEASE\spring-jcl-5.0.8.RELEASE.jar;E:\.m2\org\yaml\snakeyaml\1.19\snakeyaml-1.19.jar;E:\.m2\org\springframework\boot\spring-boot-starter-test\2.0.4.RELEASE\spring-boot-starter-test-2.0.4.RELEASE.jar;E:\.m2\org\springframework\boot\spring-boot-test\2.0.4.RELEASE\spring-boot-test-2.0.4.RELEASE.jar;E:\.m2\org\springframework\boot\spring-boot-test-autoconfigure\2.0.4.RELEASE\spring-boot-test-autoconfigure-2.0.4.RELEASE.jar;E:\.m2\com\jayway\jsonpath\json-path\2.4.0\json-path-2.4.0.jar;E:\.m2\net\minidev\json-smart\2.3\json-smart-2.3.jar;E:\.m2\net\minidev\accessors-smart\1.2\accessors-smart-1.2.jar;E:\.m2\org\ow2\asm\asm\5.0.4\asm-5.0.4.jar;E:\.m2\junit\junit\4.12\junit-4.12.jar;E:\.m2\org\assertj\assertj-core\3.9.1\assertj-core-3.9.1.jar;E:\.m2\org\mockito\mockito-core\2.15.0\mockito-core-2.15.0.jar;E:\.m2\net\bytebuddy\byte-buddy\1.7.11\byte-buddy-1.7.11.jar;E:\.m2\net\bytebuddy\byte-buddy-agent\1.7.11\byte-buddy-agent-1.7.11.jar;E:\.m2\org\objenesis\objenesis\2.6\objenesis-2.6.jar;E:\.m2\org\hamcrest\hamcrest-core\1.3\hamcrest-core-1.3.jar;E:\.m2\org\hamcrest\hamcrest-library\1.3\hamcrest-library-1.3.jar;E:\.m2\org\skyscreamer\jsonassert\1.5.0\jsonassert-1.5.0.jar;E:\.m2\com\vaadin\external\google\android-json\0.0.20131108.vaadin1\android-json-0.0.20131108.vaadin1.jar;E:\.m2\org\springframework\spring-test\5.0.8.RELEASE\spring-test-5.0.8.RELEASE.jar;E:\.m2\org\xmlunit\xmlunit-core\2.5.1\xmlunit-core-2.5.1.jar;E:\.m2\org\drools\drools-core\7.0.0.Final\drools-core-7.0.0.Final.jar;E:\.m2\org\mvel\mvel2\2.3.0.Final\mvel2-2.3.0.Final.jar;E:\.m2\org\kie\kie-internal\7.0.0.Final\kie-internal-7.0.0.Final.jar;E:\.m2\org\slf4j\slf4j-api\1.7.25\slf4j-api-1.7.25.jar;E:\.m2\commons-codec\commons-codec\1.11\commons-codec-1.11.jar;E:\.m2\org\drools\drools-compiler\7.0.0.Final\drools-compiler-7.0.0.Final.jar;E:\.m2\org\antlr\antlr-runtime\3.5\antlr-runtime-3.5.jar;E:\.m2\org\eclipse\jdt\core\compiler\ecj\4.4.2\ecj-4.4.2.jar;E:\.m2\com\thoughtworks\xstream\xstream\1.4.9\xstream-1.4.9.jar;E:\.m2\xmlpull\xmlpull\1.1.3.1\xmlpull-1.1.3.1.jar;E:\.m2\xpp3\xpp3_min\1.1.4c\xpp3_min-1.1.4c.jar;E:\.m2\com\google\protobuf\protobuf-java\2.6.0\protobuf-java-2.6.0.jar;E:\.m2\org\drools\drools-decisiontables\7.0.0.Final\drools-decisiontables-7.0.0.Final.jar;E:\.m2\org\apache\poi\poi-ooxml\3.15\poi-ooxml-3.15.jar;E:\.m2\org\apache\poi\poi-ooxml-schemas\3.15\poi-ooxml-schemas-3.15.jar;E:\.m2\org\apache\xmlbeans\xmlbeans\2.6.0\xmlbeans-2.6.0.jar;E:\.m2\com\github\virtuald\curvesapi\1.04\curvesapi-1.04.jar;E:\.m2\javax\xml\stream\stax-api\1.0-2\stax-api-1.0-2.jar;E:\.m2\org\apache\poi\poi\3.15\poi-3.15.jar;E:\.m2\org\apache\commons\commons-collections4\4.1\commons-collections4-4.1.jar;E:\.m2\org\drools\drools-templates\7.0.0.Final\drools-templates-7.0.0.Final.jar;E:\.m2\org\kie\kie-api\7.0.0.Final\kie-api-7.0.0.Final.jar;E:\.m2\org\projectlombok\lombok\1.16.20\lombok-1.16.20.jar;E:\.m2\org\springframework\boot\spring-boot-starter-web\2.0.4.RELEASE\spring-boot-starter-web-2.0.4.RELEASE.jar;E:\.m2\org\springframework\boot\spring-boot-starter-json\2.0.4.RELEASE\spring-boot-starter-json-2.0.4.RELEASE.jar;E:\.m2\com\fasterxml\jackson\core\jackson-databind\2.9.6\jackson-databind-2.9.6.jar;E:\.m2\com\fasterxml\jackson\core\jackson-annotations\2.9.0\jackson-annotations-2.9.0.jar;E:\.m2\com\fasterxml\jackson\core\jackson-core\2.9.6\jackson-core-2.9.6.jar;E:\.m2\com\fasterxml\jackson\datatype\jackson-datatype-jdk8\2.9.6\jackson-datatype-jdk8-2.9.6.jar;E:\.m2\com\fasterxml\jackson\datatype\jackson-datatype-jsr310\2.9.6\jackson-datatype-jsr310-2.9.6.jar;E:\.m2\com\fasterxml\jackson\module\jackson-module-parameter-names\2.9.6\jackson-module-parameter-names-2.9.6.jar;E:\.m2\org\springframework\boot\spring-boot-starter-tomcat\2.0.4.RELEASE\spring-boot-starter-tomcat-2.0.4.RELEASE.jar;E:\.m2\org\apache\tomcat\embed\tomcat-embed-core\8.5.32\tomcat-embed-core-8.5.32.jar;E:\.m2\org\apache\tomcat\embed\tomcat-embed-el\8.5.32\tomcat-embed-el-8.5.32.jar;E:\.m2\org\apache\tomcat\embed\tomcat-embed-websocket\8.5.32\tomcat-embed-websocket-8.5.32.jar;E:\.m2\org\hibernate\validator\hibernate-validator\6.0.11.Final\hibernate-validator-6.0.11.Final.jar;E:\.m2\javax\validation\validation-api\2.0.1.Final\validation-api-2.0.1.Final.jar;E:\.m2\org\jboss\logging\jboss-logging\3.3.2.Final\jboss-logging-3.3.2.Final.jar;E:\.m2\com\fasterxml\classmate\1.3.4\classmate-1.3.4.jar;E:\.m2\org\springframework\spring-web\5.0.8.RELEASE\spring-web-5.0.8.RELEASE.jar;E:\.m2\org\springframework\spring-beans\5.0.8.RELEASE\spring-beans-5.0.8.RELEASE.jar;E:\.m2\org\springframework\spring-webmvc\5.0.8.RELEASE\spring-webmvc-5.0.8.RELEASE.jar;E:\.m2\org\springframework\spring-aop\5.0.8.RELEASE\spring-aop-5.0.8.RELEASE.jar;E:\.m2\org\springframework\spring-expression\5.0.8.RELEASE\spring-expression-5.0.8.RELEASE.jar;E:\.m2\org\springframework\boot\spring-boot-starter-data-redis\2.0.4.RELEASE\spring-boot-starter-data-redis-2.0.4.RELEASE.jar;E:\.m2\org\springframework\data\spring-data-redis\2.0.9.RELEASE\spring-data-redis-2.0.9.RELEASE.jar;E:\.m2\org\springframework\data\spring-data-keyvalue\2.0.9.RELEASE\spring-data-keyvalue-2.0.9.RELEASE.jar;E:\.m2\org\springframework\data\spring-data-commons\2.0.9.RELEASE\spring-data-commons-2.0.9.RELEASE.jar;E:\.m2\org\springframework\spring-tx\5.0.8.RELEASE\spring-tx-5.0.8.RELEASE.jar;E:\.m2\org\springframework\spring-oxm\5.0.8.RELEASE\spring-oxm-5.0.8.RELEASE.jar;E:\.m2\org\springframework\spring-context-support\5.0.8.RELEASE\spring-context-support-5.0.8.RELEASE.jar;E:\.m2\io\lettuce\lettuce-core\5.0.4.RELEASE\lettuce-core-5.0.4.RELEASE.jar;E:\.m2\io\projectreactor\reactor-core\3.1.8.RELEASE\reactor-core-3.1.8.RELEASE.jar;E:\.m2\org\reactivestreams\reactive-streams\1.0.2\reactive-streams-1.0.2.jar;E:\.m2\io\netty\netty-common\4.1.27.Final\netty-common-4.1.27.Final.jar;E:\.m2\io\netty\netty-transport\4.1.27.Final\netty-transport-4.1.27.Final.jar;E:\.m2\io\netty\netty-buffer\4.1.27.Final\netty-buffer-4.1.27.Final.jar;E:\.m2\io\netty\netty-resolver\4.1.27.Final\netty-resolver-4.1.27.Final.jar;E:\.m2\io\netty\netty-handler\4.1.27.Final\netty-handler-4.1.27.Final.jar;E:\.m2\io\netty\netty-codec\4.1.27.Final\netty-codec-4.1.27.Final.jar;E:\.m2\org\apache\commons\commons-pool2\2.6.0\commons-pool2-2.6.0.jar;"/>
    <property name="sun.cpu.endian" value="little"/>
    <property name="user.home" value="C:\Users\Administrator"/>
    <property name="user.language" value="zh"/>
    <property name="java.specification.vendor" value="Oracle Corporation"/>
    <property name="java.home" value="C:\Program Files\Java\jdk1.8.0_221\jre"/>
    <property name="basedir" value="E:\gyz_git\personaldemo"/>
    <property name="file.separator" value="\"/>
    <property name="line.separator" value="&#10;"/>
    <property name="java.vm.specification.vendor" value="Oracle Corporation"/>
    <property name="java.specification.name" value="Java Platform API Specification"/>
    <property name="java.awt.graphicsenv" value="sun.awt.Win32GraphicsEnvironment"/>
    <property name="surefire.real.class.path" value="C:\Users\ADMINI~1\AppData\Local\Temp\surefire2972093619117198555\surefirebooter518374568008996529.jar"/>
    <property name="sun.boot.class.path" value="C:\Program Files\Java\jdk1.8.0_221\jre\lib\resources.jar;C:\Program Files\Java\jdk1.8.0_221\jre\lib\rt.jar;C:\Program Files\Java\jdk1.8.0_221\jre\lib\sunrsasign.jar;C:\Program Files\Java\jdk1.8.0_221\jre\lib\jsse.jar;C:\Program Files\Java\jdk1.8.0_221\jre\lib\jce.jar;C:\Program Files\Java\jdk1.8.0_221\jre\lib\charsets.jar;C:\Program Files\Java\jdk1.8.0_221\jre\lib\jfr.jar;C:\Program Files\Java\jdk1.8.0_221\jre\classes"/>
    <property name="user.script" value=""/>
    <property name="sun.management.compiler" value="HotSpot 64-Bit Tiered Compilers"/>
    <property name="java.runtime.version" value="1.8.0_221-b11"/>
    <property name="user.name" value="Administrator"/>
    <property name="path.separator" value=";"/>
    <property name="os.version" value="10.0"/>
    <property name="java.endorsed.dirs" value="C:\Program Files\Java\jdk1.8.0_221\jre\lib\endorsed"/>
    <property name="java.runtime.name" value="Java(TM) SE Runtime Environment"/>
    <property name="file.encoding" value="GBK"/>
    <property name="java.vm.name" value="Java HotSpot(TM) 64-Bit Server VM"/>
    <property name="localRepository" value="E:\.m2"/>
    <property name="java.vendor.url.bug" value="http://bugreport.sun.com/bugreport/"/>
    <property name="java.io.tmpdir" value="C:\Users\ADMINI~1\AppData\Local\Temp\"/>
    <property name="idea.version" value="2018.1.6"/>
    <property name="java.version" value="1.8.0_221"/>
    <property name="user.dir" value="E:\gyz_git\personaldemo"/>
    <property name="os.arch" value="amd64"/>
    <property name="java.vm.specification.name" value="Java Virtual Machine Specification"/>
    <property name="java.awt.printerjob" value="sun.awt.windows.WPrinterJob"/>
    <property name="sun.os.patch.level" value=""/>
    <property name="java.library.path" value="C:\Program Files\Java\jdk1.8.0_221\jre\bin;C:\WINDOWS\Sun\Java\bin;C:\WINDOWS\system32;C:\WINDOWS;C:\Program Files (x86)\Common Files\Oracle\Java\javapath;C:\Program Files (x86)\NetSarang\Xshell 6\;C:\WINDOWS\system32;C:\WINDOWS;C:\WINDOWS\System32\Wbem;C:\WINDOWS\System32\WindowsPowerShell\v1.0\;C:\WINDOWS\System32\OpenSSH\;D:\git\Git\cmd;C:\Users\Administrator\AppData\Local\Microsoft\WindowsApps;;."/>
    <property name="java.vm.info" value="mixed mode"/>
    <property name="java.vendor" value="Oracle Corporation"/>
    <property name="java.vm.version" value="25.221-b11"/>
    <property name="java.ext.dirs" value="C:\Program Files\Java\jdk1.8.0_221\jre\lib\ext;C:\WINDOWS\Sun\Java\lib\ext"/>
    <property name="sun.io.unicode.encoding" value="UnicodeLittle"/>
    <property name="java.class.version" value="52.0"/>
  </properties>
  <testcase name="test" classname="com.ikang.test.TestRedis" time="1.151"/>
</testsuite>